================================================================================
DIMENSIONAL MODEL ETL PROCESS FOR IMT577_DW_RAHIL_HARIHAR_DIMENSION
Started at: 2025-05-14 20:45:23
================================================================================
Step 0: Creating dimensional model database IMT577_DW_RAHIL_HARIHAR_DIMENSION if it doesn't exist

Verifying database creation:
+----------------------------------+-----------------------------------+--------------+--------------+-------------------------------------------------+--------------+-----------------------------------------------------------------------+-----------+------------------+-------------------+-------------------+---------------------+
| created_on                       | name                              | is_default   | is_current   | origin                                          | owner        | comment                                                               | options   |   retention_time | kind              | owner_role_type   | object_visibility   |
+==================================+===================================+==============+==============+=================================================+==============+=======================================================================+===========+==================+===================+===================+=====================+
| 2025-05-14 20:45:24.276000-07:00 | IMT577_DW_RAHIL_HARIHAR_DIMENSION | N            | Y            |                                                 | ACCOUNTADMIN |                                                                       |           |                1 | STANDARD          | ROLE              |                     |
+----------------------------------+-----------------------------------+--------------+--------------+-------------------------------------------------+--------------+-----------------------------------------------------------------------+-----------+------------------+-------------------+-------------------+---------------------+
| 2025-05-14 20:44:19.463000-07:00 | IMT577_DW_RAHIL_HARIHAR_STAGING   | N            | N            |                                                 | ACCOUNTADMIN |                                                                       |           |                1 | STANDARD          | ROLE              |                     |
+----------------------------------+-----------------------------------+--------------+--------------+-------------------------------------------------+--------------+-----------------------------------------------------------------------+-----------+------------------+-------------------+-------------------+---------------------+
| 2025-05-14 19:53:20.398000-07:00 | SNOWFLAKE                         | N            | N            | SNOWFLAKE.ACCOUNT_USAGE                         |              |                                                                       |           |                0 | APPLICATION       |                   |                     |
+----------------------------------+-----------------------------------+--------------+--------------+-------------------------------------------------+--------------+-----------------------------------------------------------------------+-----------+------------------+-------------------+-------------------+---------------------+
| 2025-05-14 19:53:25.770000-07:00 | SNOWFLAKE_LEARNING_DB             | N            | N            |                                                 | ACCOUNTADMIN | Created by Snowflake during account provisioning                      |           |                1 | STANDARD          | ROLE              |                     |
+----------------------------------+-----------------------------------+--------------+--------------+-------------------------------------------------+--------------+-----------------------------------------------------------------------+-----------+------------------+-------------------+-------------------+---------------------+
| 2025-05-14 19:53:24.536000-07:00 | SNOWFLAKE_SAMPLE_DATA             | N            | N            | SFSALESSHARED.SFC_SAMPLES_AZWESTUS2.SAMPLE_DATA | ACCOUNTADMIN | Preloaded TPCH Data provided by Snowflake during account provisioning |           |                0 | IMPORTED DATABASE | ROLE              |                     |
+----------------------------------+-----------------------------------+--------------+--------------+-------------------------------------------------+--------------+-----------------------------------------------------------------------+-----------+------------------+-------------------+-------------------+---------------------+

✅ Database IMT577_DW_RAHIL_HARIHAR_DIMENSION is ready.
Step 1: Creating dimension tables in IMT577_DW_RAHIL_HARIHAR_DIMENSION.PUBLIC

Creating Dim_Product table...
Creating Dim_Store table...
Creating Dim_Reseller table...
Creating Dim_Location table...
Creating Dim_Customer table...
Creating Dim_Channel table...

Adding unknown members to dimension tables...

Verifying table creation:
+----------------------------------+--------------+-----------------------------------+---------------+--------+-----------+--------------+--------+---------+--------------+------------------+------------------------+-------------------+-----------------------+--------------------------------+-----------------------------+---------------+---------------------------+-------------------+------------+-------------+--------------+--------------+----------------+
| created_on                       | name         | database_name                     | schema_name   | kind   | comment   | cluster_by   |   rows |   bytes | owner        |   retention_time | automatic_clustering   | change_tracking   | search_optimization   | search_optimization_progress   | search_optimization_bytes   | is_external   | enable_schema_evolution   | owner_role_type   | is_event   | is_hybrid   | is_iceberg   | is_dynamic   | is_immutable   |
+==================================+==============+===================================+===============+========+===========+==============+========+=========+==============+==================+========================+===================+=======================+================================+=============================+===============+===========================+===================+============+=============+==============+==============+================+
| 2025-05-14 20:45:26.022000-07:00 | DIM_CHANNEL  | IMT577_DW_RAHIL_HARIHAR_DIMENSION | PUBLIC        | TABLE  |           |              |      1 |    2048 | ACCOUNTADMIN |                1 | OFF                    | OFF               | OFF                   |                                |                             | N             | N                         | ROLE              | N          | N           | N            | N            | N              |
+----------------------------------+--------------+-----------------------------------+---------------+--------+-----------+--------------+--------+---------+--------------+------------------+------------------------+-------------------+-----------------------+--------------------------------+-----------------------------+---------------+---------------------------+-------------------+------------+-------------+--------------+--------------+----------------+
| 2025-05-14 20:45:25.814000-07:00 | DIM_CUSTOMER | IMT577_DW_RAHIL_HARIHAR_DIMENSION | PUBLIC        | TABLE  |           |              |      1 |    2560 | ACCOUNTADMIN |                1 | OFF                    | OFF               | OFF                   |                                |                             | N             | N                         | ROLE              | N          | N           | N            | N            | N              |
+----------------------------------+--------------+-----------------------------------+---------------+--------+-----------+--------------+--------+---------+--------------+------------------+------------------------+-------------------+-----------------------+--------------------------------+-----------------------------+---------------+---------------------------+-------------------+------------+-------------+--------------+--------------+----------------+
| 2025-05-14 20:45:25.607000-07:00 | DIM_LOCATION | IMT577_DW_RAHIL_HARIHAR_DIMENSION | PUBLIC        | TABLE  |           |              |      1 |    2048 | ACCOUNTADMIN |                1 | OFF                    | OFF               | OFF                   |                                |                             | N             | N                         | ROLE              | N          | N           | N            | N            | N              |
+----------------------------------+--------------+-----------------------------------+---------------+--------+-----------+--------------+--------+---------+--------------+------------------+------------------------+-------------------+-----------------------+--------------------------------+-----------------------------+---------------+---------------------------+-------------------+------------+-------------+--------------+--------------+----------------+
| 2025-05-14 20:45:24.785000-07:00 | DIM_PRODUCT  | IMT577_DW_RAHIL_HARIHAR_DIMENSION | PUBLIC        | TABLE  |           |              |      1 |    3584 | ACCOUNTADMIN |                1 | OFF                    | OFF               | OFF                   |                                |                             | N             | N                         | ROLE              | N          | N           | N            | N            | N              |
+----------------------------------+--------------+-----------------------------------+---------------+--------+-----------+--------------+--------+---------+--------------+------------------+------------------------+-------------------+-----------------------+--------------------------------+-----------------------------+---------------+---------------------------+-------------------+------------+-------------+--------------+--------------+----------------+
| 2025-05-14 20:45:25.378000-07:00 | DIM_RESELLER | IMT577_DW_RAHIL_HARIHAR_DIMENSION | PUBLIC        | TABLE  |           |              |      1 |    2560 | ACCOUNTADMIN |                1 | OFF                    | OFF               | OFF                   |                                |                             | N             | N                         | ROLE              | N          | N           | N            | N            | N              |
+----------------------------------+--------------+-----------------------------------+---------------+--------+-----------+--------------+--------+---------+--------------+------------------+------------------------+-------------------+-----------------------+--------------------------------+-----------------------------+---------------+---------------------------+-------------------+------------+-------------+--------------+--------------+----------------+
| 2025-05-14 20:45:25.063000-07:00 | DIM_STORE    | IMT577_DW_RAHIL_HARIHAR_DIMENSION | PUBLIC        | TABLE  |           |              |      1 |    2560 | ACCOUNTADMIN |                1 | OFF                    | OFF               | OFF                   |                                |                             | N             | N                         | ROLE              | N          | N           | N            | N            | N              |
+----------------------------------+--------------+-----------------------------------+---------------+--------+-----------+--------------+--------+---------+--------------+------------------+------------------------+-------------------+-----------------------+--------------------------------+-----------------------------+---------------+---------------------------+-------------------+------------+-------------+--------------+--------------+----------------+

✅ Dimension tables created successfully in IMT577_DW_RAHIL_HARIHAR_DIMENSION.PUBLIC
Step 2: Loading Dim_Date table in IMT577_DW_RAHIL_HARIHAR_DIMENSION.PUBLIC
Reading SQL script from: /Users/rahilharihar/Projects/STAGING_ETL/DIM_DATE.sql
Executing CREATE TABLE statement...
Table DIM_DATE created successfully.
Executing INSERT statement...
Data inserted into DIM_DATE successfully.
Dim_Date table has 730 rows

Sample data from Dim_Date:
+-------------+------------+------------------------------+-------------------+--------------------+-------------------+------------+--------------+---------------+------------------+----------------+-----------------+------------------------+-------------------+----------------------+-----------------+--------------------+--------------+----------------+---------------------+-------------+-----------+---------------+--------+-------------------+--------------------+--------------------+------------------+----------------------+-------------------+---------------+---------------------+-------------------+------------------+-------------------+
|   DATE_PKEY | DATE       | FULL_DATE_DESC               |   DAY_NUM_IN_WEEK |   DAY_NUM_IN_MONTH |   DAY_NUM_IN_YEAR | DAY_NAME   | DAY_ABBREV   | WEEKDAY_IND   | US_HOLIDAY_IND   | _HOLIDAY_IND   | MONTH_END_IND   |   WEEK_BEGIN_DATE_NKEY | WEEK_BEGIN_DATE   |   WEEK_END_DATE_NKEY | WEEK_END_DATE   |   WEEK_NUM_IN_YEAR | MONTH_NAME   | MONTH_ABBREV   |   MONTH_NUM_IN_YEAR | YEARMONTH   |   QUARTER | YEARQUARTER   |   YEAR |   FISCAL_WEEK_NUM |   FISCAL_MONTH_NUM | FISCAL_YEARMONTH   |   FISCAL_QUARTER | FISCAL_YEARQUARTER   |   FISCAL_HALFYEAR |   FISCAL_YEAR | SQL_TIMESTAMP       | CURRENT_ROW_IND   | EFFECTIVE_DATE   | EXPIRATION_DATE   |
+=============+============+==============================+===================+====================+===================+============+==============+===============+==================+================+=================+========================+===================+======================+=================+====================+==============+================+=====================+=============+===========+===============+========+===================+====================+====================+==================+======================+===================+===============+=====================+===================+==================+===================+
|    20130101 | 2013-01-01 | Tuesday, January  01, 2013   |                 3 |                  1 |                 1 | Tuesday    | Tue          | Weekday       | Holiday          | Holiday        | Not-Month-end   |               20121231 | 2012-12-31        |             20130106 | 2013-01-06      |                  1 | January      | Jan            |                   1 | 2013-01     |         1 | 2013-01       |   2013 |                 0 |                  1 | 2013-01            |                1 | 2014-01              |                 1 |          2013 | 2013-01-01 00:00:00 | Y                 | 2025-05-14       | 9999-12-31        |
+-------------+------------+------------------------------+-------------------+--------------------+-------------------+------------+--------------+---------------+------------------+----------------+-----------------+------------------------+-------------------+----------------------+-----------------+--------------------+--------------+----------------+---------------------+-------------+-----------+---------------+--------+-------------------+--------------------+--------------------+------------------+----------------------+-------------------+---------------+---------------------+-------------------+------------------+-------------------+
|    20130102 | 2013-01-02 | Wednesday, January  02, 2013 |                 4 |                  2 |                 2 | Wednesday  | Wed          | Weekday       | Not-Holiday      | Not-Holiday    | Not-Month-end   |               20121231 | 2012-12-31        |             20130106 | 2013-01-06      |                  1 | January      | Jan            |                   1 | 2013-01     |         1 | 2013-01       |   2013 |                 0 |                  1 | 2013-01            |                1 | 2014-01              |                 1 |          2013 | 2013-01-02 00:00:00 | Y                 | 2025-05-14       | 9999-12-31        |
+-------------+------------+------------------------------+-------------------+--------------------+-------------------+------------+--------------+---------------+------------------+----------------+-----------------+------------------------+-------------------+----------------------+-----------------+--------------------+--------------+----------------+---------------------+-------------+-----------+---------------+--------+-------------------+--------------------+--------------------+------------------+----------------------+-------------------+---------------+---------------------+-------------------+------------------+-------------------+
|    20130103 | 2013-01-03 | Thursday, January  03, 2013  |                 5 |                  3 |                 3 | Thursday   | Thu          | Weekday       | Not-Holiday      | Not-Holiday    | Not-Month-end   |               20121231 | 2012-12-31        |             20130106 | 2013-01-06      |                  1 | January      | Jan            |                   1 | 2013-01     |         1 | 2013-01       |   2013 |                 0 |                  1 | 2013-01            |                1 | 2014-01              |                 1 |          2013 | 2013-01-03 00:00:00 | Y                 | 2025-05-14       | 9999-12-31        |
+-------------+------------+------------------------------+-------------------+--------------------+-------------------+------------+--------------+---------------+------------------+----------------+-----------------+------------------------+-------------------+----------------------+-----------------+--------------------+--------------+----------------+---------------------+-------------+-----------+---------------+--------+-------------------+--------------------+--------------------+------------------+----------------------+-------------------+---------------+---------------------+-------------------+------------------+-------------------+
|    20130104 | 2013-01-04 | Friday, January  04, 2013    |                 6 |                  4 |                 4 | Friday     | Fri          | Weekday       | Not-Holiday      | Not-Holiday    | Not-Month-end   |               20121231 | 2012-12-31        |             20130106 | 2013-01-06      |                  1 | January      | Jan            |                   1 | 2013-01     |         1 | 2013-01       |   2013 |                 0 |                  1 | 2013-01            |                1 | 2014-01              |                 1 |          2013 | 2013-01-04 00:00:00 | Y                 | 2025-05-14       | 9999-12-31        |
+-------------+------------+------------------------------+-------------------+--------------------+-------------------+------------+--------------+---------------+------------------+----------------+-----------------+------------------------+-------------------+----------------------+-----------------+--------------------+--------------+----------------+---------------------+-------------+-----------+---------------+--------+-------------------+--------------------+--------------------+------------------+----------------------+-------------------+---------------+---------------------+-------------------+------------------+-------------------+
|    20130105 | 2013-01-05 | Saturday, January  05, 2013  |                 7 |                  5 |                 5 | Saturday   | Sat          | Weekday       | Not-Holiday      | Not-Holiday    | Not-Month-end   |               20121231 | 2012-12-31        |             20130106 | 2013-01-06      |                  1 | January      | Jan            |                   1 | 2013-01     |         1 | 2013-01       |   2013 |                 0 |                  1 | 2013-01            |                1 | 2014-01              |                 1 |          2013 | 2013-01-05 00:00:00 | Y                 | 2025-05-14       | 9999-12-31        |
+-------------+------------+------------------------------+-------------------+--------------------+-------------------+------------+--------------+---------------+------------------+----------------+-----------------+------------------------+-------------------+----------------------+-----------------+--------------------+--------------+----------------+---------------------+-------------+-----------+---------------+--------+-------------------+--------------------+--------------------+------------------+----------------------+-------------------+---------------+---------------------+-------------------+------------------+-------------------+

✅ Dim_Date table loaded successfully in IMT577_DW_RAHIL_HARIHAR_DIMENSION.PUBLIC
Step 3: Loading data from IMT577_DW_RAHIL_HARIHAR_STAGING to IMT577_DW_RAHIL_HARIHAR_DIMENSION dimension tables

Loading Dim_Location table...
Loaded 14 locations into Dim_Location

Loading Dim_Channel table...
Loaded 6 channels into Dim_Channel

Loading Dim_Customer table...
Loaded 4 customers into Dim_Customer

Loading Dim_Reseller table...
Loaded 5 resellers into Dim_Reseller

Loading Dim_Store table...
Loaded 7 stores into Dim_Store

Loading Dim_Product table...
Loaded 21 products into Dim_Product

Sample data from Dim_Location:
+-----------------+--------------------+------------+--------------+------------------+---------------+
|   DIMLOCATIONID | ADDRESS            | CITY       | POSTALCODE   | STATE_PROVINCE   | COUNTRY       |
+=================+====================+============+==============+==================+===============+
|               1 | Unknown            | Unknown    | Unknown      | Unknown          | Unknown       |
+-----------------+--------------------+------------+--------------+------------------+---------------+
|             101 | 886 East Way       | Birmingham | 35203        | Alabama          | United States |
+-----------------+--------------------+------------+--------------+------------------+---------------+
|             102 | 201 South Street   | Atlanta    | 30304        | Georgia          | United States |
+-----------------+--------------------+------------+--------------+------------------+---------------+
|             103 | 102 North Court    | Tiffin     | 44883        | Ohio             | United States |
+-----------------+--------------------+------------+--------------+------------------+---------------+
|             104 | 90021 State Street | Atlanta    | 30301        | Georgia          | United States |
+-----------------+--------------------+------------+--------------+------------------+---------------+

Sample data from Dim_Channel:
+----------------+-------------+---------------------+-------------------+-------------------+
|   DIMCHANNELID |   CHANNELID |   CHANNELCATEGORYID | CHANNELNAME       | CHANNELCATEGORY   |
+================+=============+=====================+===================+===================+
|              1 |          -1 |                  -1 | Unknown Channel   | Unknown           |
+----------------+-------------+---------------------+-------------------+-------------------+
|            101 |           1 |                   1 | Boutiques         | Direct            |
+----------------+-------------+---------------------+-------------------+-------------------+
|            102 |           2 |                   1 | On-line           | Direct            |
+----------------+-------------+---------------------+-------------------+-------------------+
|            103 |           3 |                   1 | Outlet            | Direct            |
+----------------+-------------+---------------------+-------------------+-------------------+
|            104 |           4 |                   2 | Branded Franchise | Indirect          |
+----------------+-------------+---------------------+-------------------+-------------------+

Sample data from Dim_Customer:
+-----------------+--------------------------------------+-----------------+--------------------+---------------------+--------------------+------------------+
|   DIMCUSTOMERID | CUSTOMERID                           |   DIMLOCATIONID | CUSTOMERFULLNAME   | CUSTOMERFIRSTNAME   | CUSTOMERLASTNAME   | CUSTOMERGENDER   |
+=================+======================================+=================+====================+=====================+====================+==================+
|               1 | UNKNOWN                              |               1 | Unknown Customer   | Unknown             | Unknown            | Unknown          |
+-----------------+--------------------------------------+-----------------+--------------------+---------------------+--------------------+------------------+
|               2 | 9cfbece1-de7a-4ef5-a766-43f28e7edfa2 |             101 | Kim Wanda          | Kim                 | Wanda              | F                |
+-----------------+--------------------------------------+-----------------+--------------------+---------------------+--------------------+------------------+
|               3 | 5bd2fd76-c656-4a12-80b1-7a423e380fca |             102 | Leonard Alvarado   | Leonard             | Alvarado           | M                |
+-----------------+--------------------------------------+-----------------+--------------------+---------------------+--------------------+------------------+
|               4 | 7ab04e33-c078-462b-a40d-b93e2bc0466b |             103 | Young Roger        | Young               | Roger              | M                |
+-----------------+--------------------------------------+-----------------+--------------------+---------------------+--------------------+------------------+

Sample data from Dim_Reseller:
+-----------------+--------------------------------------+-----------------+--------------------------+-----------------+---------------+---------------------------+
|   DIMRESELLERID | RESELLERID                           |   DIMLOCATIONID | RESELLERNAME             | CONTACTNAME     | PHONENUMBER   | EMAIL                     |
+=================+======================================+=================+==========================+=================+===============+===========================+
|               1 | UNKNOWN                              |               1 | Unknown Reseller         | Unknown         | Unknown       | Unknown                   |
+-----------------+--------------------------------------+-----------------+--------------------------+-----------------+---------------+---------------------------+
|               2 | d56ef891-cbfa-4659-a44a-169aafb00587 |             109 | Mississipi Distributors  | Charles Kim     | 601-425-0639  | charles.kim@email.com     |
+-----------------+--------------------------------------+-----------------+--------------------------+-----------------+---------------+---------------------------+
|               3 | 5be7aa4a-70b8-4515-88ba-b78395ff9710 |             110 | Walmart Supercenter      | Ralph Smith     | 601-485-2250  | rsmith@email.com          |
+-----------------+--------------------------------------+-----------------+--------------------------+-----------------+---------------+---------------------------+
|               4 | 9c9706cb-9102-43c4-9e5a-dd38502a1284 |             111 | Georgia Mega Store       | Joel Shelton    | 706-731-8850  | jshelton@email.com        |
+-----------------+--------------------------------------+-----------------+--------------------------+-----------------+---------------+---------------------------+
|               5 | 10418299-2934-4ca3-b368-d0dfcde58a51 |             113 | Indiana Department Store | Chelsea Douglas | 317-969-8119  | chelsea.douglas@email.com |
+-----------------+--------------------------------------+-----------------+--------------------------+-----------------+---------------+---------------------------+

Sample data from Dim_Store:
+--------------+-----------+-----------------+-----------------+----------------+---------------+-----------------+
|   DIMSTOREID |   STOREID |   DIMLOCATIONID |   SOURCESTOREID | STORENAME      | STORENUMBER   | STOREMANAGER    |
+==============+===========+=================+=================+================+===============+=================+
|            1 |        -1 |               1 |              -1 | Unknown Store  | Unknown       | Unknown         |
+--------------+-----------+-----------------+-----------------+----------------+---------------+-----------------+
|          101 |         1 |             104 |               1 | Store 5.00000  | 5             | Freida Williams |
+--------------+-----------+-----------------+-----------------+----------------+---------------+-----------------+
|          102 |         2 |             105 |               2 | Store 34.00000 | 34            | Michelle Miller |
+--------------+-----------+-----------------+-----------------+----------------+---------------+-----------------+
|          103 |         3 |             106 |               3 | Store 39.00000 | 39            | Keith Chum      |
+--------------+-----------+-----------------+-----------------+----------------+---------------+-----------------+
|          104 |         4 |             107 |               4 | Store 21.00000 | 21            | Mark Weber      |
+--------------+-----------+-----------------+-----------------+----------------+---------------+-----------------+

Sample data from Dim_Product:
+----------------+-------------+-----------------+---------------------+---------------------+---------------+--------------------+----------------------+-------------------------+---------------+-----------------------+------------------------------+----------------------------------+
|   DIMPRODUCTID |   PRODUCTID |   PRODUCTTYPEID |   PRODUCTCATEGORYID | PRODUCTNAME         | PRODUCTTYPE   | PRODUCTCATEGORY    |   PRODUCTRETAILPRICE |   PRODUCTWHOLESALEPRICE |   PRODUCTCOST |   PRODUCTRETAILPROFIT |   PRODUCTWHOLESALEUNITPROFIT |   PRODUCTPROFITMARGINUNITPERCENT |
+================+=============+=================+=====================+=====================+===============+====================+======================+=========================+===============+=======================+==============================+==================================+
|              1 |          -1 |              -1 |                  -1 | Unknown Product     | Unknown       | Unknown            |                 0    |                     0   |           0   |                  0    |                          0   |                           0      |
+----------------+-------------+-----------------+---------------------+---------------------+---------------+--------------------+----------------------+-------------------------+---------------+-----------------------+------------------------------+----------------------------------+
|              2 |           1 |               1 |                   1 | Blush               | Cosmetics     | Accessories        |                13.95 |                     7   |           5   |                  8.95 |                          2   |                          64.1577 |
+----------------+-------------+-----------------+---------------------+---------------------+---------------+--------------------+----------------------+-------------------------+---------------+-----------------------+------------------------------+----------------------------------+
|              3 |           2 |               1 |                   1 | Lipstick            | Cosmetics     | Accessories        |                 6.99 |                     3.5 |           2.5 |                  4.49 |                          1   |                          64.2346 |
+----------------+-------------+-----------------+---------------------+---------------------+---------------+--------------------+----------------------+-------------------------+---------------+-----------------------+------------------------------+----------------------------------+
|              4 |           3 |               2 |                   1 | Amytheyst Necklace  | Jewelry       | Accessories        |                24.95 |                    12.5 |           5   |                 19.95 |                          7.5 |                          79.9599 |
+----------------+-------------+-----------------+---------------------+---------------------+---------------+--------------------+----------------------+-------------------------+---------------+-----------------------+------------------------------+----------------------------------+
|              5 |           6 |               3 |                   2 | Blue Onesie Pajamas | Baby 0-2      | Children's Apparel |                 5.99 |                     3   |           2   |                  3.99 |                          1   |                          66.611  |
+----------------+-------------+-----------------+---------------------+---------------------+---------------+--------------------+----------------------+-------------------------+---------------+-----------------------+------------------------------+----------------------------------+

✅ Dimension tables loaded successfully from staging tables
Step 4: Creating fact tables in IMT577_DW_RAHIL_HARIHAR_DIMENSION.PUBLIC

Creating Fact_SalesActual table...
Creating Fact_ProductSalesTarget table...
Creating Fact_SRCSalesTarget table...

Verifying table creation:
+----------------------------------+-------------------------+-----------------------------------+---------------+--------+-------------------------------------------------------------------------+--------------+--------+---------+--------------+------------------+------------------------+-------------------+-----------------------+--------------------------------+-----------------------------+---------------+---------------------------+-------------------+------------+-------------+--------------+--------------+----------------+
| created_on                       | name                    | database_name                     | schema_name   | kind   | comment                                                                 | cluster_by   |   rows |   bytes | owner        |   retention_time | automatic_clustering   | change_tracking   | search_optimization   | search_optimization_progress   | search_optimization_bytes   | is_external   | enable_schema_evolution   | owner_role_type   | is_event   | is_hybrid   | is_iceberg   | is_dynamic   | is_immutable   |
+==================================+=========================+===================================+===============+========+=========================================================================+==============+========+=========+==============+==================+========================+===================+=======================+================================+=============================+===============+===========================+===================+============+=============+==============+==============+================+
| 2025-05-14 20:45:26.022000-07:00 | DIM_CHANNEL             | IMT577_DW_RAHIL_HARIHAR_DIMENSION | PUBLIC        | TABLE  |                                                                         |              |      6 |    2560 | ACCOUNTADMIN |                1 | OFF                    | OFF               | OFF                   |                                |                             | N             | N                         | ROLE              | N          | N           | N            | N            | N              |
+----------------------------------+-------------------------+-----------------------------------+---------------+--------+-------------------------------------------------------------------------+--------------+--------+---------+--------------+------------------+------------------------+-------------------+-----------------------+--------------------------------+-----------------------------+---------------+---------------------------+-------------------+------------+-------------+--------------+--------------+----------------+
| 2025-05-14 20:45:25.814000-07:00 | DIM_CUSTOMER            | IMT577_DW_RAHIL_HARIHAR_DIMENSION | PUBLIC        | TABLE  |                                                                         |              |      4 |    3072 | ACCOUNTADMIN |                1 | OFF                    | OFF               | OFF                   |                                |                             | N             | N                         | ROLE              | N          | N           | N            | N            | N              |
+----------------------------------+-------------------------+-----------------------------------+---------------+--------+-------------------------------------------------------------------------+--------------+--------+---------+--------------+------------------+------------------------+-------------------+-----------------------+--------------------------------+-----------------------------+---------------+---------------------------+-------------------+------------+-------------+--------------+--------------+----------------+
| 2025-05-14 20:45:28.284000-07:00 | DIM_DATE                | IMT577_DW_RAHIL_HARIHAR_DIMENSION | PUBLIC        | TABLE  | Type 0 Dimension Table Housing Calendar and Fiscal Year Date Attributes |              |    730 |   35840 | ACCOUNTADMIN |                1 | OFF                    | OFF               | OFF                   |                                |                             | N             | N                         | ROLE              | N          | N           | N            | N            | N              |
+----------------------------------+-------------------------+-----------------------------------+---------------+--------+-------------------------------------------------------------------------+--------------+--------+---------+--------------+------------------+------------------------+-------------------+-----------------------+--------------------------------+-----------------------------+---------------+---------------------------+-------------------+------------+-------------+--------------+--------------+----------------+
| 2025-05-14 20:45:25.607000-07:00 | DIM_LOCATION            | IMT577_DW_RAHIL_HARIHAR_DIMENSION | PUBLIC        | TABLE  |                                                                         |              |     14 |    3072 | ACCOUNTADMIN |                1 | OFF                    | OFF               | OFF                   |                                |                             | N             | N                         | ROLE              | N          | N           | N            | N            | N              |
+----------------------------------+-------------------------+-----------------------------------+---------------+--------+-------------------------------------------------------------------------+--------------+--------+---------+--------------+------------------+------------------------+-------------------+-----------------------+--------------------------------+-----------------------------+---------------+---------------------------+-------------------+------------+-------------+--------------+--------------+----------------+
| 2025-05-14 20:45:24.785000-07:00 | DIM_PRODUCT             | IMT577_DW_RAHIL_HARIHAR_DIMENSION | PUBLIC        | TABLE  |                                                                         |              |     21 |    6144 | ACCOUNTADMIN |                1 | OFF                    | OFF               | OFF                   |                                |                             | N             | N                         | ROLE              | N          | N           | N            | N            | N              |
+----------------------------------+-------------------------+-----------------------------------+---------------+--------+-------------------------------------------------------------------------+--------------+--------+---------+--------------+------------------+------------------------+-------------------+-----------------------+--------------------------------+-----------------------------+---------------+---------------------------+-------------------+------------+-------------+--------------+--------------+----------------+
| 2025-05-14 20:45:25.378000-07:00 | DIM_RESELLER            | IMT577_DW_RAHIL_HARIHAR_DIMENSION | PUBLIC        | TABLE  |                                                                         |              |      5 |    3584 | ACCOUNTADMIN |                1 | OFF                    | OFF               | OFF                   |                                |                             | N             | N                         | ROLE              | N          | N           | N            | N            | N              |
+----------------------------------+-------------------------+-----------------------------------+---------------+--------+-------------------------------------------------------------------------+--------------+--------+---------+--------------+------------------+------------------------+-------------------+-----------------------+--------------------------------+-----------------------------+---------------+---------------------------+-------------------+------------+-------------+--------------+--------------+----------------+
| 2025-05-14 20:45:25.063000-07:00 | DIM_STORE               | IMT577_DW_RAHIL_HARIHAR_DIMENSION | PUBLIC        | TABLE  |                                                                         |              |      7 |    3072 | ACCOUNTADMIN |                1 | OFF                    | OFF               | OFF                   |                                |                             | N             | N                         | ROLE              | N          | N           | N            | N            | N              |
+----------------------------------+-------------------------+-----------------------------------+---------------+--------+-------------------------------------------------------------------------+--------------+--------+---------+--------------+------------------+------------------------+-------------------+-----------------------+--------------------------------+-----------------------------+---------------+---------------------------+-------------------+------------+-------------+--------------+--------------+----------------+
| 2025-05-14 20:45:36.249000-07:00 | FACT_PRODUCTSALESTARGET | IMT577_DW_RAHIL_HARIHAR_DIMENSION | PUBLIC        | TABLE  |                                                                         |              |      0 |       0 | ACCOUNTADMIN |                1 | OFF                    | OFF               | OFF                   |                                |                             | N             | N                         | ROLE              | N          | N           | N            | N            | N              |
+----------------------------------+-------------------------+-----------------------------------+---------------+--------+-------------------------------------------------------------------------+--------------+--------+---------+--------------+------------------+------------------------+-------------------+-----------------------+--------------------------------+-----------------------------+---------------+---------------------------+-------------------+------------+-------------+--------------+--------------+----------------+
| 2025-05-14 20:45:36.126000-07:00 | FACT_SALESACTUAL        | IMT577_DW_RAHIL_HARIHAR_DIMENSION | PUBLIC        | TABLE  |                                                                         |              |      0 |       0 | ACCOUNTADMIN |                1 | OFF                    | OFF               | OFF                   |                                |                             | N             | N                         | ROLE              | N          | N           | N            | N            | N              |
+----------------------------------+-------------------------+-----------------------------------+---------------+--------+-------------------------------------------------------------------------+--------------+--------+---------+--------------+------------------+------------------------+-------------------+-----------------------+--------------------------------+-----------------------------+---------------+---------------------------+-------------------+------------+-------------+--------------+--------------+----------------+
| 2025-05-14 20:45:36.381000-07:00 | FACT_SRCSALESTARGET     | IMT577_DW_RAHIL_HARIHAR_DIMENSION | PUBLIC        | TABLE  |                                                                         |              |      0 |       0 | ACCOUNTADMIN |                1 | OFF                    | OFF               | OFF                   |                                |                             | N             | N                         | ROLE              | N          | N           | N            | N            | N              |
+----------------------------------+-------------------------+-----------------------------------+---------------+--------+-------------------------------------------------------------------------+--------------+--------+---------+--------------+------------------+------------------------+-------------------+-----------------------+--------------------------------+-----------------------------+---------------+---------------------------+-------------------+------------+-------------+--------------+--------------+----------------+

✅ Fact tables created successfully in IMT577_DW_RAHIL_HARIHAR_DIMENSION.PUBLIC
Step 5: Loading data from IMT577_DW_RAHIL_HARIHAR_STAGING to IMT577_DW_RAHIL_HARIHAR_DIMENSION fact tables

Loading Fact_SalesActual table...
Loaded 187320 rows into Fact_SalesActual

Loading Fact_ProductSalesTarget table...
Loaded 48 rows into Fact_ProductSalesTarget

Loading Fact_SRCSalesTarget table...
Loaded 22 rows into Fact_SRCSalesTarget

Sample data from Fact_SalesActual:
+----------------+--------------+-----------------+-----------------+----------------+-----------------+-----------------+-----------------+-----------------+--------------+----------------+-----------------+--------------------+-------------------+
|   DIMPRODUCTID |   DIMSTOREID |   DIMRESELLERID |   DIMCUSTOMERID |   DIMCHANNELID |   DIMSALEDATEID |   DIMLOCATIONID |   SALESHEADERID |   SALESDETAILID |   SALEAMOUNT |   SALEQUANTITY |   SALEUNITPRICE |   SALEEXTENDEDCOST |   SALETOTALPROFIT |
+================+==============+=================+=================+================+=================+=================+=================+=================+==============+================+=================+====================+===================+
|              2 |            1 |               1 |               4 |            102 |          130101 |             103 |               1 |               1 |       418.5  |             30 |           13.95 |                150 |            268.5  |
+----------------+--------------+-----------------+-----------------+----------------+-----------------+-----------------+-----------------+-----------------+--------------+----------------+-----------------+--------------------+-------------------+
|              7 |            1 |               1 |               3 |            102 |          130101 |             102 |               2 |               2 |       111.86 |             14 |            7.99 |                 42 |             69.86 |
+----------------+--------------+-----------------+-----------------+----------------+-----------------+-----------------+-----------------+-----------------+--------------+----------------+-----------------+--------------------+-------------------+
|             20 |            1 |               1 |               4 |            102 |          130101 |             103 |               3 |               3 |      1637.95 |             41 |           39.95 |                615 |           1022.95 |
+----------------+--------------+-----------------+-----------------+----------------+-----------------+-----------------+-----------------+-----------------+--------------+----------------+-----------------+--------------------+-------------------+
|              2 |            1 |               1 |               4 |            102 |          130101 |             103 |               4 |               4 |       418.5  |             30 |           13.95 |                150 |            268.5  |
+----------------+--------------+-----------------+-----------------+----------------+-----------------+-----------------+-----------------+-----------------+--------------+----------------+-----------------+--------------------+-------------------+
|              8 |            1 |               1 |               4 |            102 |          130101 |             103 |               5 |               5 |       111.86 |             14 |            7.99 |                 49 |             62.86 |
+----------------+--------------+-----------------+-----------------+----------------+-----------------+-----------------+-----------------+-----------------+--------------+----------------+-----------------+--------------------+-------------------+

Sample data from Fact_ProductSalesTarget:
+----------------+-------------------+------------------------------+
|   DIMPRODUCTID |   DIMTARGETDATEID |   PRODUCTTARGETSALESQUANTITY |
+================+===================+==============================+
|              4 |          20130101 |                      1346000 |
+----------------+-------------------+------------------------------+
|              4 |          20140101 |                      1450000 |
+----------------+-------------------+------------------------------+
|             11 |          20130101 |                      2325000 |
+----------------+-------------------+------------------------------+
|             11 |          20140101 |                      2500000 |
+----------------+-------------------+------------------------------+
|              5 |          20130101 |                       630750 |
+----------------+-------------------+------------------------------+

Sample data from Fact_SRCSalesTarget:
+--------------+-----------------+----------------+-------------------+---------------------+
|   DIMSTOREID |   DIMRESELLERID |   DIMCHANNELID |   DIMTARGETDATEID |   SALESTARGETAMOUNT |
+==============+=================+================+===================+=====================+
|            1 |               1 |            105 |          20130101 |           4.055e+08 |
+--------------+-----------------+----------------+-------------------+---------------------+
|            1 |               1 |            105 |          20130101 |           7.5e+06   |
+--------------+-----------------+----------------+-------------------+---------------------+
|            1 |               1 |            104 |          20130101 |           4e+08     |
+--------------+-----------------+----------------+-------------------+---------------------+
|            1 |               1 |            104 |          20130101 |           6.05e+07  |
+--------------+-----------------+----------------+-------------------+---------------------+
|            1 |               1 |              1 |          20130101 |           1.355e+08 |
+--------------+-----------------+----------------+-------------------+---------------------+

✅ Fact tables loaded successfully from staging tables

================================================================================
✅ DIMENSIONAL MODEL ETL PROCESS COMPLETED SUCCESSFULLY
Finished at: 2025-05-14 20:45:39
Total duration: 16.00 seconds
================================================================================
